# JRE version: Java(TM) SE Runtime Environment (8.0-b132) (build 1.8.0-b132)
# Java VM: Java HotSpot(TM) 64-Bit Server VM (25.0-b70 mixed mode windows-amd64 compressed oops)
Heap:
 PSYoungGen      total 2560K, used 1494K [0x00000000e0b80000, 0x00000000e1180000, 0x0000000100000000)
  eden space 2048K, 48% used [0x00000000e0b80000,0x00000000e0c79870,0x00000000e0d80000)
  from space 512K, 96% used [0x00000000e0d80000,0x00000000e0dfc010,0x00000000e0e00000)
  to   space 1024K, 0% used [0x00000000e1080000,0x00000000e1080000,0x00000000e1180000)
 ParOldGen       total 94720K, used 960K [0x00000000a2200000, 0x00000000a7e80000, 0x00000000e0b80000)
  object space 94720K, 1% used [0x00000000a2200000,0x00000000a22f0078,0x00000000a7e80000)
 Metaspace       used 4491K, capacity 5464K, committed 5760K, reserved 1056768K
  class space    used 502K, capacity 520K, committed 640K, reserved 1048576K
GC Heap History (10 events):
Event: 0.077 GC heap before
{Heap before GC invocations=1 (full 0):
 PSYoungGen      total 1024K, used 512K [0x00000000e0b80000, 0x00000000e0d00000, 0x0000000100000000)
  eden space 512K, 100% used [0x00000000e0b80000,0x00000000e0c00000,0x00000000e0c00000)
  from space 512K, 0% used [0x00000000e0c80000,0x00000000e0c80000,0x00000000e0d00000)
  to   space 512K, 0% used [0x00000000e0c00000,0x00000000e0c00000,0x00000000e0c80000)
 ParOldGen       total 94720K, used 0K [0x00000000a2200000, 0x00000000a7e80000, 0x00000000e0b80000)
  object space 94720K, 0% used [0x00000000a2200000,0x00000000a2200000,0x00000000a7e80000)
 Metaspace       used 2514K, capacity 4480K, committed 4480K, reserved 1056768K
  class space    used 273K, capacity 384K, committed 384K, reserved 1048576K
Event: 0.078 GC heap after
Heap after GC invocations=1 (full 0):
 PSYoungGen      total 1024K, used 448K [0x00000000e0b80000, 0x00000000e0d80000, 0x0000000100000000)
  eden space 512K, 0% used [0x00000000e0b80000,0x00000000e0b80000,0x00000000e0c00000)
  from space 512K, 87% used [0x00000000e0c00000,0x00000000e0c70020,0x00000000e0c80000)
  to   space 512K, 0% used [0x00000000e0d00000,0x00000000e0d00000,0x00000000e0d80000)
 ParOldGen       total 94720K, used 8K [0x00000000a2200000, 0x00000000a7e80000, 0x00000000e0b80000)
  object space 94720K, 0% used [0x00000000a2200000,0x00000000a2202000,0x00000000a7e80000)
 Metaspace       used 2514K, capacity 4480K, committed 4480K, reserved 1056768K
  class space    used 273K, capacity 384K, committed 384K, reserved 1048576K
}
Event: 0.104 GC heap before
{Heap before GC invocations=2 (full 0):
 PSYoungGen      total 1024K, used 960K [0x00000000e0b80000, 0x00000000e0d80000, 0x0000000100000000)
  eden space 512K, 100% used [0x00000000e0b80000,0x00000000e0c00000,0x00000000e0c00000)
  from space 512K, 87% used [0x00000000e0c00000,0x00000000e0c70020,0x00000000e0c80000)
  to   space 512K, 0% used [0x00000000e0d00000,0x00000000e0d00000,0x00000000e0d80000)
 ParOldGen       total 94720K, used 8K [0x00000000a2200000, 0x00000000a7e80000, 0x00000000e0b80000)
  object space 94720K, 0% used [0x00000000a2200000,0x00000000a2202000,0x00000000a7e80000)
 Metaspace       used 2947K, capacity 4664K, committed 4864K, reserved 1056768K
  class space    used 320K, capacity 424K, committed 512K, reserved 1048576K
Event: 0.105 GC heap after
Heap after GC invocations=2 (full 0):
 PSYoungGen      total 1536K, used 480K [0x00000000e0b80000, 0x00000000e0d80000, 0x0000000100000000)
  eden space 1024K, 0% used [0x00000000e0b80000,0x00000000e0b80000,0x00000000e0c80000)
  from space 512K, 93% used [0x00000000e0d00000,0x00000000e0d78020,0x00000000e0d80000)
  to   space 512K, 0% used [0x00000000e0c80000,0x00000000e0c80000,0x00000000e0d00000)
 ParOldGen       total 94720K, used 141K [0x00000000a2200000, 0x00000000a7e80000, 0x00000000e0b80000)
  object space 94720K, 0% used [0x00000000a2200000,0x00000000a22236e8,0x00000000a7e80000)
 Metaspace       used 2947K, capacity 4664K, committed 4864K, reserved 1056768K
  class space    used 320K, capacity 424K, committed 512K, reserved 1048576K
}
Event: 0.235 GC heap before
{Heap before GC invocations=3 (full 0):
 PSYoungGen      total 1536K, used 1504K [0x00000000e0b80000, 0x00000000e0d80000, 0x0000000100000000)
  eden space 1024K, 100% used [0x00000000e0b80000,0x00000000e0c80000,0x00000000e0c80000)
  from space 512K, 93% used [0x00000000e0d00000,0x00000000e0d78020,0x00000000e0d80000)
  to   space 512K, 0% used [0x00000000e0c80000,0x00000000e0c80000,0x00000000e0d00000)
 ParOldGen       total 94720K, used 141K [0x00000000a2200000, 0x00000000a7e80000, 0x00000000e0b80000)
  object space 94720K, 0% used [0x00000000a2200000,0x00000000a22236e8,0x00000000a7e80000)
 Metaspace       used 3610K, capacity 4856K, committed 5120K, reserved 1056768K
  class space    used 394K, capacity 424K, committed 512K, reserved 1048576K
Event: 0.236 GC heap after
Heap after GC invocations=3 (full 0):
 PSYoungGen      total 1536K, used 512K [0x00000000e0b80000, 0x00000000e0e80000, 0x0000000100000000)
  eden space 1024K, 0% used [0x00000000e0b80000,0x00000000e0b80000,0x00000000e0c80000)
  from space 512K, 100% used [0x00000000e0c80000,0x00000000e0d00000,0x00000000e0d00000)
  to   space 512K, 0% used [0x00000000e0e00000,0x00000000e0e00000,0x00000000e0e80000)
 ParOldGen       total 94720K, used 321K [0x00000000a2200000, 0x00000000a7e80000, 0x00000000e0b80000)
  object space 94720K, 0% used [0x00000000a2200000,0x00000000a2250760,0x00000000a7e80000)
 Metaspace       used 3610K, capacity 4856K, committed 5120K, reserved 1056768K
  class space    used 394K, capacity 424K, committed 512K, reserved 1048576K
}
Event: 0.592 GC heap before
{Heap before GC invocations=4 (full 0):
 PSYoungGen      total 1536K, used 1536K [0x00000000e0b80000, 0x00000000e0e80000, 0x0000000100000000)
  eden space 1024K, 100% used [0x00000000e0b80000,0x00000000e0c80000,0x00000000e0c80000)
  from space 512K, 100% used [0x00000000e0c80000,0x00000000e0d00000,0x00000000e0d00000)
  to   space 512K, 0% used [0x00000000e0e00000,0x00000000e0e00000,0x00000000e0e80000)
 ParOldGen       total 94720K, used 321K [0x00000000a2200000, 0x00000000a7e80000, 0x00000000e0b80000)
  object space 94720K, 0% used [0x00000000a2200000,0x00000000a2250760,0x00000000a7e80000)
 Metaspace       used 3945K, capacity 5144K, committed 5376K, reserved 1056768K
  class space    used 438K, capacity 456K, committed 512K, reserved 1048576K
Event: 0.594 GC heap after
Heap after GC invocations=4 (full 0):
 PSYoungGen      total 2560K, used 512K [0x00000000e0b80000, 0x00000000e0e80000, 0x0000000100000000)
  eden space 2048K, 0% used [0x00000000e0b80000,0x00000000e0b80000,0x00000000e0d80000)
  from space 512K, 100% used [0x00000000e0e00000,0x00000000e0e80000,0x00000000e0e80000)
  to   space 512K, 0% used [0x00000000e0d80000,0x00000000e0d80000,0x00000000e0e00000)
 ParOldGen       total 94720K, used 578K [0x00000000a2200000, 0x00000000a7e80000, 0x00000000e0b80000)
  object space 94720K, 0% used [0x00000000a2200000,0x00000000a2290820,0x00000000a7e80000)
 Metaspace       used 3945K, capacity 5144K, committed 5376K, reserved 1056768K
  class space    used 438K, capacity 456K, committed 512K, reserved 1048576K
}
Event: 0.986 GC heap before
{Heap before GC invocations=5 (full 0):
 PSYoungGen      total 2560K, used 2541K [0x00000000e0b80000, 0x00000000e0e80000, 0x0000000100000000)
  eden space 2048K, 99% used [0x00000000e0b80000,0x00000000e0d7b798,0x00000000e0d80000)
  from space 512K, 100% used [0x00000000e0e00000,0x00000000e0e80000,0x00000000e0e80000)
  to   space 512K, 0% used [0x00000000e0d80000,0x00000000e0d80000,0x00000000e0e00000)
 ParOldGen       total 94720K, used 578K [0x00000000a2200000, 0x00000000a7e80000, 0x00000000e0b80000)
  object space 94720K, 0% used [0x00000000a2200000,0x00000000a2290820,0x00000000a7e80000)
 Metaspace       used 4401K, capacity 5400K, committed 5760K, reserved 1056768K
  class space    used 495K, capacity 520K, committed 640K, reserved 1048576K
Event: 0.988 GC heap after
Heap after GC invocations=5 (full 0):
 PSYoungGen      total 2560K, used 496K [0x00000000e0b80000, 0x00000000e1180000, 0x0000000100000000)
  eden space 2048K, 0% used [0x00000000e0b80000,0x00000000e0b80000,0x00000000e0d80000)
  from space 512K, 96% used [0x00000000e0d80000,0x00000000e0dfc010,0x00000000e0e00000)
  to   space 1024K, 0% used [0x00000000e1080000,0x00000000e1080000,0x00000000e1180000)
 ParOldGen       total 94720K, used 960K [0x00000000a2200000, 0x00000000a7e80000, 0x00000000e0b80000)
  object space 94720K, 1% used [0x00000000a2200000,0x00000000a22f0078,0x00000000a7e80000)
 Metaspace       used 4401K, capacity 5400K, committed 5760K, reserved 1056768K
  class space    used 495K, capacity 520K, committed 640K, reserved 1048576K
}

